<?xml version="1.0" encoding="UTF-8"?>
<!-- Generated by org.testng.reporters.JUnitReportReporter -->
<testsuite hostname="Smita" failures="0" tests="2" name="com.testingproject.qa.testcases.AutomationPageTest" time="0.116" errors="0" timestamp="2022-11-29T22:48:02 CET" skipped="1">
  <testcase classname="com.testingproject.qa.testcases.AutomationPageTest" name="homePageTitleTest" time="0.116"/>
  <system-out/>
  <testcase classname="com.testingproject.qa.testcases.AutomationPageTest" name="Submitclick" time="0.000">
    <skipped/>
  </testcase> <!-- Submitclick -->
  <system-out/>
</testsuite> <!-- com.testingproject.qa.testcases.AutomationPageTest -->
